[Mon Feb 21 15:12:42 MST 2022] - INFO passoff.ServerTest: 	Setting up Login Invalid User Test...
[Mon Feb 21 15:12:42 MST 2022] - INFO client.Proxy: 	Clear called
[Mon Feb 21 15:12:42 MST 2022] - INFO client.Client: 	Post without Request Body called
[Mon Feb 21 15:12:42 MST 2022] - INFO client.Client: 	Attempting to open connection to server
[Mon Feb 21 15:12:42 MST 2022] - INFO client.Client: 	Connection opened to server
[Mon Feb 21 15:12:42 MST 2022] - INFO client.Client: 	Setting passoffrequest method to POST
[Mon Feb 21 15:12:42 MST 2022] - INFO client.Client: 	Request method set to POST
[Mon Feb 21 15:12:42 MST 2022] - INFO client.Client: 	Setting Do Output to true
[Mon Feb 21 15:12:42 MST 2022] - INFO client.Client: 	Do Output set to true
[Mon Feb 21 15:12:42 MST 2022] - INFO client.Client: 	Connecting to server
[Mon Feb 21 15:12:42 MST 2022] - INFO client.Client: 	Connected to server
[Mon Feb 21 15:12:42 MST 2022] - INFO client.Client: 	Getting response code from server
[Mon Feb 21 15:12:42 MST 2022] - INFO client.Client: 	Response code 400 returned
[Mon Feb 21 15:12:42 MST 2022] - INFO client.Client: 	Getting input stream from server
[Mon Feb 21 15:12:42 MST 2022] - INFO client.Client: 	Reading input stream into a string
[Mon Feb 21 15:12:42 MST 2022] - INFO passoff.ServerTest: 	Running Login Invalid User Test...
[Mon Feb 21 15:12:42 MST 2022] - INFO client.Proxy: 	Register called
[Mon Feb 21 15:12:42 MST 2022] - INFO client.Client: 	Post with Request Body called
[Mon Feb 21 15:12:42 MST 2022] - INFO client.Client: 	Attempting to open connection to server
[Mon Feb 21 15:12:42 MST 2022] - INFO client.Client: 	Connection opened to server
[Mon Feb 21 15:12:42 MST 2022] - INFO client.Client: 	Setting passoffrequest method to POST
[Mon Feb 21 15:12:42 MST 2022] - INFO client.Client: 	Request method set to POST
[Mon Feb 21 15:12:42 MST 2022] - INFO client.Client: 	Setting Do Output to true
[Mon Feb 21 15:12:42 MST 2022] - INFO client.Client: 	Do Output set to true
[Mon Feb 21 15:12:42 MST 2022] - INFO client.Client: 	Connecting to server
[Mon Feb 21 15:12:42 MST 2022] - INFO client.Client: 	Connected to server
[Mon Feb 21 15:12:42 MST 2022] - INFO client.Client: 	Opening output stream to server
[Mon Feb 21 15:12:42 MST 2022] - INFO client.Client: 	Writing passoffrequest to server output stream
[Mon Feb 21 15:12:42 MST 2022] - INFO client.Client: 	Request written to server output stream
[Mon Feb 21 15:12:42 MST 2022] - INFO client.Client: 	Closing output stream to server
[Mon Feb 21 15:12:42 MST 2022] - INFO client.Client: 	Output stream to server closed
[Mon Feb 21 15:12:42 MST 2022] - INFO client.Client: 	Getting response code from server
[Mon Feb 21 15:12:42 MST 2022] - INFO client.Client: 	Response code 200 returned
[Mon Feb 21 15:12:42 MST 2022] - INFO client.Client: 	Getting input stream from server
[Mon Feb 21 15:12:42 MST 2022] - INFO client.Client: 	Reading input stream into a string
